<?xml version="1.0" encoding="UTF-8"?>
<testsuites name="TestSuite_HomePage" time="75.713" tests="1" failures="0" errors="0">
   <testsuite name="TestSuite_HomePage" tests="1" failures="0" errors="0" time="75.713" skipped="0" timestamp="2023-08-28 10:25:35" hostname="VeereshS - VEERESHS.emids.local" id="Test Suites/TestSuite_HomePage">
      <properties>
[...]
</properties>
      <testcase name="Test Cases/PetStore2_HomePage/Verify_HomePage" time="75.401" classname="Test Cases/PetStore2_HomePage/Verify_HomePage" status="PASSED">
         <system-out><![CDATA[2023-08-28 10:25:36 - [TEST_CASE][PASSED] - Test Cases/PetStore2_HomePage/Verify_HomePage: Test Cases/PetStore2_HomePage/Verify_HomePage

2023-08-28 10:25:36 - [TEST_STEP][PASSED] - openBrowser(""): Browser is opened with url: ''

2023-08-28 10:25:37 - [MESSAGE][INFO] - User set preference: ['os', 'windows']

2023-08-28 10:25:37 - [MESSAGE][INFO] - User set preference: ['browserName', 'chrome']

2023-08-28 10:25:37 - [MESSAGE][INFO] - User set preference: ['browserVersion', '114']

2023-08-28 10:25:37 - [MESSAGE][INFO] - User set preference: ['katalon:option', '{organizationId=1239424, tunnelId=, usingTunnel=false}']

2023-08-28 10:25:37 - [MESSAGE][INFO] - Connecting to remote web server 'testcloud.katalon.com/hub' with type 'Selenium'

2023-08-28 10:25:38 - [MESSAGE][INFO] - Action delay is set to 0 milliseconds

2023-08-28 10:26:26 - [MESSAGE][PASSED] - Browser is opened with url: ''

2023-08-28 10:26:26 - [TEST_STEP][PASSED] - navigateToUrl("https://petstore.octoperf.com/"): Navigate to 'https://petstore.octoperf.com/' successfully

2023-08-28 10:26:27 - [MESSAGE][PASSED] - Navigate to 'https://petstore.octoperf.com/' successfully

2023-08-28 10:26:27 - [TEST_STEP][PASSED] - waitForElementPresent(findTestObject("Object Repository/HomePage/Page_JPetStore Demo/a_Enter the Store"), 0): Object 'Object Repository/HomePage/Page_JPetStore Demo/a_Enter the Store' is present

2023-08-28 10:26:28 - [MESSAGE][WARNING] - Timeout '0' is invalid. Using default page load timeout: '30'

2023-08-28 10:26:30 - [MESSAGE][PASSED] - Object 'Object Repository/HomePage/Page_JPetStore Demo/a_Enter the Store' is present

2023-08-28 10:26:30 - [TEST_STEP][PASSED] - click(findTestObject("Object Repository/HomePage/Page_JPetStore Demo/a_Enter the Store")): Object: 'Object Repository/HomePage/Page_JPetStore Demo/a_Enter the Store' is clicked on

2023-08-28 10:26:33 - [MESSAGE][PASSED] - Object: 'Object Repository/HomePage/Page_JPetStore Demo/a_Enter the Store' is clicked on

2023-08-28 10:26:33 - [TEST_STEP][PASSED] - waitForElementPresent(findTestObject("Object Repository/HomePage/Page_JPetStore Demo/a_Sign In"), 0): Object 'Object Repository/HomePage/Page_JPetStore Demo/a_Sign In' is present

2023-08-28 10:26:33 - [MESSAGE][WARNING] - Timeout '0' is invalid. Using default page load timeout: '30'

2023-08-28 10:26:35 - [MESSAGE][PASSED] - Object 'Object Repository/HomePage/Page_JPetStore Demo/a_Sign In' is present

2023-08-28 10:26:35 - [TEST_STEP][PASSED] - verifyElementPresent(findTestObject("Object Repository/HomePage/Page_JPetStore Demo/a_Sign In"), 0): Object 'Object Repository/HomePage/Page_JPetStore Demo/a_Sign In' is present

2023-08-28 10:26:35 - [MESSAGE][WARNING] - Timeout '0' is invalid. Using default page load timeout: '30'

2023-08-28 10:26:37 - [MESSAGE][PASSED] - Object 'Object Repository/HomePage/Page_JPetStore Demo/a_Sign In' is present

2023-08-28 10:26:37 - [TEST_STEP][PASSED] - verifyElementPresent(findTestObject("Object Repository/HomePage/Page_JPetStore Demo/img"), 0): Object 'Object Repository/HomePage/Page_JPetStore Demo/img' is present

2023-08-28 10:26:38 - [MESSAGE][WARNING] - Timeout '0' is invalid. Using default page load timeout: '30'

2023-08-28 10:26:39 - [MESSAGE][PASSED] - Object 'Object Repository/HomePage/Page_JPetStore Demo/img' is present

2023-08-28 10:26:39 - [TEST_STEP][PASSED] - verifyElementPresent(findTestObject("Object Repository/HomePage/Page_JPetStore Demo/img_1"), 0): Object 'Object Repository/HomePage/Page_JPetStore Demo/img_1' is present

2023-08-28 10:26:40 - [MESSAGE][WARNING] - Timeout '0' is invalid. Using default page load timeout: '30'

2023-08-28 10:26:41 - [MESSAGE][PASSED] - Object 'Object Repository/HomePage/Page_JPetStore Demo/img_1' is present

2023-08-28 10:26:41 - [TEST_STEP][PASSED] - verifyElementPresent(findTestObject("Object Repository/HomePage/Page_JPetStore Demo/img_1_2"), 0): Object 'Object Repository/HomePage/Page_JPetStore Demo/img_1_2' is present

2023-08-28 10:26:42 - [MESSAGE][WARNING] - Timeout '0' is invalid. Using default page load timeout: '30'

2023-08-28 10:26:43 - [MESSAGE][PASSED] - Object 'Object Repository/HomePage/Page_JPetStore Demo/img_1_2' is present

2023-08-28 10:26:43 - [TEST_STEP][PASSED] - verifyElementPresent(findTestObject("Object Repository/HomePage/Page_JPetStore Demo/img_1_2_3"), 0): Object 'Object Repository/HomePage/Page_JPetStore Demo/img_1_2_3' is present

2023-08-28 10:26:44 - [MESSAGE][WARNING] - Timeout '0' is invalid. Using default page load timeout: '30'

2023-08-28 10:26:45 - [MESSAGE][PASSED] - Object 'Object Repository/HomePage/Page_JPetStore Demo/img_1_2_3' is present

2023-08-28 10:26:45 - [TEST_STEP][PASSED] - verifyElementPresent(findTestObject("Object Repository/HomePage/Page_JPetStore Demo/img_1_2_3_4"), 0): Object 'Object Repository/HomePage/Page_JPetStore Demo/img_1_2_3_4' is present

2023-08-28 10:26:46 - [MESSAGE][WARNING] - Timeout '0' is invalid. Using default page load timeout: '30'

2023-08-28 10:26:47 - [MESSAGE][PASSED] - Object 'Object Repository/HomePage/Page_JPetStore Demo/img_1_2_3_4' is present

2023-08-28 10:26:47 - [TEST_STEP][PASSED] - verifyElementPresent(findTestObject("Object Repository/HomePage/Page_JPetStore Demo/input__searchProducts"), 0): Object 'Object Repository/HomePage/Page_JPetStore Demo/input__searchProducts' is present

2023-08-28 10:26:48 - [MESSAGE][WARNING] - Timeout '0' is invalid. Using default page load timeout: '30'

2023-08-28 10:26:50 - [MESSAGE][PASSED] - Object 'Object Repository/HomePage/Page_JPetStore Demo/input__searchProducts' is present

2023-08-28 10:26:50 - [TEST_STEP][PASSED] - closeBrowser(): Browser is closed

2023-08-28 10:26:51 - [MESSAGE][PASSED] - Browser is closed]]></system-out>
         <system-err><![CDATA[]]></system-err>
      </testcase>
      <system-out><![CDATA[2023-08-28 10:25:35 - [TEST_SUITE][PASSED] - TestSuite_HomePage: Test Cases/PetStore2_HomePage/Verify_HomePage]]></system-out>
      <system-err><![CDATA[]]></system-err>
   </testsuite>
</testsuites>
