<?xml version="1.0" encoding="UTF-8"?>
<testsuites name="TestSuite_HomePage" time="119.059" tests="1" failures="0" errors="0">
   <testsuite name="TestSuite_HomePage" tests="1" failures="0" errors="0" time="119.059" skipped="0" timestamp="2023-08-28 11:57:27" hostname="VeereshS - VEERESHS.emids.local" id="Test Suites/TestSuite_HomePage">
      <properties>
[...]
</properties>
      <testcase name="Test Cases/PetStore2_HomePage/Verify_HomePage" time="118.865" classname="Test Cases/PetStore2_HomePage/Verify_HomePage" status="PASSED">
         <system-out><![CDATA[2023-08-28 11:57:27 - [TEST_CASE][PASSED] - Test Cases/PetStore2_HomePage/Verify_HomePage: Test Cases/PetStore2_HomePage/Verify_HomePage

2023-08-28 11:57:27 - [TEST_STEP][PASSED] - openBrowser(""): Browser is opened with url: ''

2023-08-28 11:57:28 - [MESSAGE][INFO] - User set preference: ['os', 'windows']

2023-08-28 11:57:28 - [MESSAGE][INFO] - User set preference: ['browserName', 'chrome']

2023-08-28 11:57:28 - [MESSAGE][INFO] - User set preference: ['browserVersion', '114']

2023-08-28 11:57:28 - [MESSAGE][INFO] - User set preference: ['katalon:option', '{organizationId=1239424, tunnelId=31b548b6-f62a-47bb-8644-69f7522abfde, usingTunnel=true}']

2023-08-28 11:57:28 - [MESSAGE][INFO] - Connecting to remote web server 'testcloud.katalon.com/hub' with type 'Selenium'

2023-08-28 11:57:28 - [MESSAGE][INFO] - Action delay is set to 0 milliseconds

2023-08-28 11:58:30 - [MESSAGE][PASSED] - Browser is opened with url: ''

2023-08-28 11:58:30 - [TEST_STEP][PASSED] - navigateToUrl("https://petstore.octoperf.com/"): Navigate to 'https://petstore.octoperf.com/' successfully

2023-08-28 11:58:32 - [MESSAGE][PASSED] - Navigate to 'https://petstore.octoperf.com/' successfully

2023-08-28 11:58:32 - [TEST_STEP][PASSED] - waitForElementPresent(findTestObject("Object Repository/HomePage/Page_JPetStore Demo/a_Enter the Store"), 0): Object 'Object Repository/HomePage/Page_JPetStore Demo/a_Enter the Store' is present

2023-08-28 11:58:32 - [MESSAGE][WARNING] - Timeout '0' is invalid. Using default page load timeout: '30'

2023-08-28 11:58:40 - [MESSAGE][PASSED] - Object 'Object Repository/HomePage/Page_JPetStore Demo/a_Enter the Store' is present

2023-08-28 11:58:40 - [TEST_STEP][PASSED] - click(findTestObject("Object Repository/HomePage/Page_JPetStore Demo/a_Enter the Store")): Object: 'Object Repository/HomePage/Page_JPetStore Demo/a_Enter the Store' is clicked on

2023-08-28 11:58:48 - [MESSAGE][PASSED] - Object: 'Object Repository/HomePage/Page_JPetStore Demo/a_Enter the Store' is clicked on

2023-08-28 11:58:48 - [TEST_STEP][PASSED] - waitForElementPresent(findTestObject("Object Repository/HomePage/Page_JPetStore Demo/a_Sign In"), 0): Object 'Object Repository/HomePage/Page_JPetStore Demo/a_Sign In' is present

2023-08-28 11:58:48 - [MESSAGE][WARNING] - Timeout '0' is invalid. Using default page load timeout: '30'

2023-08-28 11:58:55 - [MESSAGE][PASSED] - Object 'Object Repository/HomePage/Page_JPetStore Demo/a_Sign In' is present

2023-08-28 11:58:55 - [TEST_STEP][PASSED] - verifyElementPresent(findTestObject("Object Repository/HomePage/Page_JPetStore Demo/a_Sign In"), 0): Object 'Object Repository/HomePage/Page_JPetStore Demo/a_Sign In' is present

2023-08-28 11:58:55 - [MESSAGE][WARNING] - Timeout '0' is invalid. Using default page load timeout: '30'

2023-08-28 11:59:02 - [MESSAGE][PASSED] - Object 'Object Repository/HomePage/Page_JPetStore Demo/a_Sign In' is present

2023-08-28 11:59:02 - [TEST_STEP][PASSED] - verifyElementPresent(findTestObject("Object Repository/HomePage/Page_JPetStore Demo/img"), 0): Object 'Object Repository/HomePage/Page_JPetStore Demo/img' is present

2023-08-28 11:59:02 - [MESSAGE][WARNING] - Timeout '0' is invalid. Using default page load timeout: '30'

2023-08-28 11:59:04 - [MESSAGE][PASSED] - Object 'Object Repository/HomePage/Page_JPetStore Demo/img' is present

2023-08-28 11:59:04 - [TEST_STEP][PASSED] - verifyElementPresent(findTestObject("Object Repository/HomePage/Page_JPetStore Demo/img_1"), 0): Object 'Object Repository/HomePage/Page_JPetStore Demo/img_1' is present

2023-08-28 11:59:04 - [MESSAGE][WARNING] - Timeout '0' is invalid. Using default page load timeout: '30'

2023-08-28 11:59:07 - [MESSAGE][PASSED] - Object 'Object Repository/HomePage/Page_JPetStore Demo/img_1' is present

2023-08-28 11:59:07 - [TEST_STEP][PASSED] - verifyElementPresent(findTestObject("Object Repository/HomePage/Page_JPetStore Demo/img_1_2"), 0): Object 'Object Repository/HomePage/Page_JPetStore Demo/img_1_2' is present

2023-08-28 11:59:07 - [MESSAGE][WARNING] - Timeout '0' is invalid. Using default page load timeout: '30'

2023-08-28 11:59:09 - [MESSAGE][PASSED] - Object 'Object Repository/HomePage/Page_JPetStore Demo/img_1_2' is present

2023-08-28 11:59:09 - [TEST_STEP][PASSED] - verifyElementPresent(findTestObject("Object Repository/HomePage/Page_JPetStore Demo/img_1_2_3"), 0): Object 'Object Repository/HomePage/Page_JPetStore Demo/img_1_2_3' is present

2023-08-28 11:59:09 - [MESSAGE][WARNING] - Timeout '0' is invalid. Using default page load timeout: '30'

2023-08-28 11:59:15 - [MESSAGE][PASSED] - Object 'Object Repository/HomePage/Page_JPetStore Demo/img_1_2_3' is present

2023-08-28 11:59:15 - [TEST_STEP][PASSED] - verifyElementPresent(findTestObject("Object Repository/HomePage/Page_JPetStore Demo/img_1_2_3_4"), 0): Object 'Object Repository/HomePage/Page_JPetStore Demo/img_1_2_3_4' is present

2023-08-28 11:59:15 - [MESSAGE][WARNING] - Timeout '0' is invalid. Using default page load timeout: '30'

2023-08-28 11:59:21 - [MESSAGE][PASSED] - Object 'Object Repository/HomePage/Page_JPetStore Demo/img_1_2_3_4' is present

2023-08-28 11:59:21 - [TEST_STEP][PASSED] - verifyElementPresent(findTestObject("Object Repository/HomePage/Page_JPetStore Demo/input__searchProducts"), 0): Object 'Object Repository/HomePage/Page_JPetStore Demo/input__searchProducts' is present

2023-08-28 11:59:21 - [MESSAGE][WARNING] - Timeout '0' is invalid. Using default page load timeout: '30'

2023-08-28 11:59:24 - [MESSAGE][PASSED] - Object 'Object Repository/HomePage/Page_JPetStore Demo/input__searchProducts' is present

2023-08-28 11:59:24 - [TEST_STEP][PASSED] - closeBrowser(): Browser is closed

2023-08-28 11:59:26 - [MESSAGE][PASSED] - Browser is closed]]></system-out>
         <system-err><![CDATA[]]></system-err>
      </testcase>
      <system-out><![CDATA[2023-08-28 11:57:27 - [TEST_SUITE][PASSED] - TestSuite_HomePage: Test Cases/PetStore2_HomePage/Verify_HomePage]]></system-out>
      <system-err><![CDATA[]]></system-err>
   </testsuite>
</testsuites>
