<?xml version="1.0" encoding="UTF-8"?>
<testsuites name="TestSuite_HomePage" time="94.777" tests="1" failures="0" errors="0">
   <testsuite name="TestSuite_HomePage" tests="1" failures="0" errors="0" time="94.777" skipped="0" timestamp="2023-08-28 11:56:46" hostname="VeereshS - VEERESHS.emids.local" id="Test Suites/TestSuite_HomePage">
      <properties>
[...]
</properties>
      <testcase name="Test Cases/PetStore2_HomePage/Verify_HomePage" time="94.542" classname="Test Cases/PetStore2_HomePage/Verify_HomePage" status="PASSED">
         <system-out><![CDATA[2023-08-28 11:56:46 - [TEST_CASE][PASSED] - Test Cases/PetStore2_HomePage/Verify_HomePage: Test Cases/PetStore2_HomePage/Verify_HomePage

2023-08-28 11:56:47 - [TEST_STEP][PASSED] - openBrowser(""): Browser is opened with url: ''

2023-08-28 11:56:47 - [MESSAGE][INFO] - User set preference: ['os', 'macos']

2023-08-28 11:56:47 - [MESSAGE][INFO] - User set preference: ['browserName', 'safari']

2023-08-28 11:56:47 - [MESSAGE][INFO] - User set preference: ['browserVersion', '16']

2023-08-28 11:56:47 - [MESSAGE][INFO] - User set preference: ['katalon:option', '{organizationId=1239424, tunnelId=31b548b6-f62a-47bb-8644-69f7522abfde, usingTunnel=true}']

2023-08-28 11:56:47 - [MESSAGE][INFO] - Connecting to remote web server 'testcloud.katalon.com/hub' with type 'Selenium'

2023-08-28 11:56:48 - [MESSAGE][INFO] - Action delay is set to 0 milliseconds

2023-08-28 11:57:58 - [MESSAGE][PASSED] - Browser is opened with url: ''

2023-08-28 11:57:58 - [TEST_STEP][PASSED] - navigateToUrl("https://petstore.octoperf.com/"): Navigate to 'https://petstore.octoperf.com/' successfully

2023-08-28 11:58:01 - [MESSAGE][PASSED] - Navigate to 'https://petstore.octoperf.com/' successfully

2023-08-28 11:58:01 - [TEST_STEP][PASSED] - waitForElementPresent(findTestObject("Object Repository/HomePage/Page_JPetStore Demo/a_Enter the Store"), 0): Object 'Object Repository/HomePage/Page_JPetStore Demo/a_Enter the Store' is present

2023-08-28 11:58:01 - [MESSAGE][WARNING] - Timeout '0' is invalid. Using default page load timeout: '30'

2023-08-28 11:58:02 - [MESSAGE][PASSED] - Object 'Object Repository/HomePage/Page_JPetStore Demo/a_Enter the Store' is present

2023-08-28 11:58:02 - [TEST_STEP][PASSED] - click(findTestObject("Object Repository/HomePage/Page_JPetStore Demo/a_Enter the Store")): Object: 'Object Repository/HomePage/Page_JPetStore Demo/a_Enter the Store' is clicked on

2023-08-28 11:58:05 - [MESSAGE][PASSED] - Object: 'Object Repository/HomePage/Page_JPetStore Demo/a_Enter the Store' is clicked on

2023-08-28 11:58:05 - [TEST_STEP][PASSED] - waitForElementPresent(findTestObject("Object Repository/HomePage/Page_JPetStore Demo/a_Sign In"), 0): Object 'Object Repository/HomePage/Page_JPetStore Demo/a_Sign In' is present

2023-08-28 11:58:05 - [MESSAGE][WARNING] - Timeout '0' is invalid. Using default page load timeout: '30'

2023-08-28 11:58:07 - [MESSAGE][PASSED] - Object 'Object Repository/HomePage/Page_JPetStore Demo/a_Sign In' is present

2023-08-28 11:58:07 - [TEST_STEP][PASSED] - verifyElementPresent(findTestObject("Object Repository/HomePage/Page_JPetStore Demo/a_Sign In"), 0): Object 'Object Repository/HomePage/Page_JPetStore Demo/a_Sign In' is present

2023-08-28 11:58:07 - [MESSAGE][WARNING] - Timeout '0' is invalid. Using default page load timeout: '30'

2023-08-28 11:58:09 - [MESSAGE][PASSED] - Object 'Object Repository/HomePage/Page_JPetStore Demo/a_Sign In' is present

2023-08-28 11:58:09 - [TEST_STEP][PASSED] - verifyElementPresent(findTestObject("Object Repository/HomePage/Page_JPetStore Demo/img"), 0): Object 'Object Repository/HomePage/Page_JPetStore Demo/img' is present

2023-08-28 11:58:09 - [MESSAGE][WARNING] - Timeout '0' is invalid. Using default page load timeout: '30'

2023-08-28 11:58:10 - [MESSAGE][PASSED] - Object 'Object Repository/HomePage/Page_JPetStore Demo/img' is present

2023-08-28 11:58:10 - [TEST_STEP][PASSED] - verifyElementPresent(findTestObject("Object Repository/HomePage/Page_JPetStore Demo/img_1"), 0): Object 'Object Repository/HomePage/Page_JPetStore Demo/img_1' is present

2023-08-28 11:58:10 - [MESSAGE][WARNING] - Timeout '0' is invalid. Using default page load timeout: '30'

2023-08-28 11:58:12 - [MESSAGE][PASSED] - Object 'Object Repository/HomePage/Page_JPetStore Demo/img_1' is present

2023-08-28 11:58:12 - [TEST_STEP][PASSED] - verifyElementPresent(findTestObject("Object Repository/HomePage/Page_JPetStore Demo/img_1_2"), 0): Object 'Object Repository/HomePage/Page_JPetStore Demo/img_1_2' is present

2023-08-28 11:58:12 - [MESSAGE][WARNING] - Timeout '0' is invalid. Using default page load timeout: '30'

2023-08-28 11:58:14 - [MESSAGE][PASSED] - Object 'Object Repository/HomePage/Page_JPetStore Demo/img_1_2' is present

2023-08-28 11:58:14 - [TEST_STEP][PASSED] - verifyElementPresent(findTestObject("Object Repository/HomePage/Page_JPetStore Demo/img_1_2_3"), 0): Object 'Object Repository/HomePage/Page_JPetStore Demo/img_1_2_3' is present

2023-08-28 11:58:14 - [MESSAGE][WARNING] - Timeout '0' is invalid. Using default page load timeout: '30'

2023-08-28 11:58:16 - [MESSAGE][PASSED] - Object 'Object Repository/HomePage/Page_JPetStore Demo/img_1_2_3' is present

2023-08-28 11:58:16 - [TEST_STEP][PASSED] - verifyElementPresent(findTestObject("Object Repository/HomePage/Page_JPetStore Demo/img_1_2_3_4"), 0): Object 'Object Repository/HomePage/Page_JPetStore Demo/img_1_2_3_4' is present

2023-08-28 11:58:16 - [MESSAGE][WARNING] - Timeout '0' is invalid. Using default page load timeout: '30'

2023-08-28 11:58:17 - [MESSAGE][PASSED] - Object 'Object Repository/HomePage/Page_JPetStore Demo/img_1_2_3_4' is present

2023-08-28 11:58:17 - [TEST_STEP][PASSED] - verifyElementPresent(findTestObject("Object Repository/HomePage/Page_JPetStore Demo/input__searchProducts"), 0): Object 'Object Repository/HomePage/Page_JPetStore Demo/input__searchProducts' is present

2023-08-28 11:58:17 - [MESSAGE][WARNING] - Timeout '0' is invalid. Using default page load timeout: '30'

2023-08-28 11:58:19 - [MESSAGE][PASSED] - Object 'Object Repository/HomePage/Page_JPetStore Demo/input__searchProducts' is present

2023-08-28 11:58:19 - [TEST_STEP][PASSED] - closeBrowser(): Browser is closed

2023-08-28 11:58:21 - [MESSAGE][PASSED] - Browser is closed]]></system-out>
         <system-err><![CDATA[]]></system-err>
      </testcase>
      <system-out><![CDATA[2023-08-28 11:56:46 - [TEST_SUITE][PASSED] - TestSuite_HomePage: Test Cases/PetStore2_HomePage/Verify_HomePage]]></system-out>
      <system-err><![CDATA[]]></system-err>
   </testsuite>
</testsuites>
